[23-May-2026 19:04:36 UTC] PHP Warning:  Undefined array key "vat" in /home/kevin/Downloads/q/api/index.php on line 160
[23-May-2026 19:04:36 UTC] PHP Warning:  Undefined array key "bank_details" in /home/kevin/Downloads/q/api/index.php on line 164
[23-May-2026 19:44:45 UTC] PHP Warning:  Undefined array key "vat" in /home/kevin/Downloads/q/api/index.php on line 147
[23-May-2026 19:44:45 UTC] PHP Warning:  Undefined array key "bank_details" in /home/kevin/Downloads/q/api/index.php on line 151
[24-May-2026 07:30:46 UTC] PHP Warning:  Undefined array key "vat" in /home/kevin/Downloads/q/api/index.php on line 147
[24-May-2026 07:30:46 UTC] PHP Warning:  Undefined array key "bank_details" in /home/kevin/Downloads/q/api/index.php on line 151
[24-May-2026 07:46:24 UTC] PHP Warning:  Undefined array key "client_company" in /home/kevin/Downloads/q/api/index.php on line 319
[24-May-2026 07:46:24 UTC] PHP Warning:  Undefined array key "valid_days" in /home/kevin/Downloads/q/api/index.php on line 325
[24-May-2026 07:46:24 UTC] PHP Warning:  Undefined array key "valid_until" in /home/kevin/Downloads/q/api/index.php on line 326
[24-May-2026 07:46:24 UTC] PHP Warning:  Undefined array key "include_vat" in /home/kevin/Downloads/q/api/index.php on line 331
[24-May-2026 07:46:24 UTC] PHP Warning:  Undefined array key "status" in /home/kevin/Downloads/q/api/index.php on line 332
[24-May-2026 07:46:24 UTC] PHP Warning:  Undefined array key "notes" in /home/kevin/Downloads/q/api/index.php on line 333
[24-May-2026 07:46:24 UTC] PHP Warning:  error_log(/home/kevin/Downloads/q/classes/logs/error.log): Failed to open stream: No such file or directory in /home/kevin/Downloads/q/classes/Database.php on line 282
[24-May-2026 07:46:24 UTC] PHP Warning:  Undefined array key "description" in /home/kevin/Downloads/q/api/index.php on line 343
[24-May-2026 07:46:24 UTC] PHP Warning:  Undefined array key "quantity" in /home/kevin/Downloads/q/api/index.php on line 345
[24-May-2026 07:46:24 UTC] PHP Warning:  Undefined array key "unit" in /home/kevin/Downloads/q/api/index.php on line 346
[24-May-2026 07:46:24 UTC] PHP Warning:  Undefined array key "margin" in /home/kevin/Downloads/q/api/index.php on line 348
[24-May-2026 07:46:24 UTC] PHP Warning:  error_log(/home/kevin/Downloads/q/classes/logs/error.log): Failed to open stream: No such file or directory in /home/kevin/Downloads/q/classes/Database.php on line 282
[24-May-2026 07:46:24 UTC] PHP Warning:  Undefined array key "name" in /home/kevin/Downloads/q/api/index.php on line 342
[24-May-2026 07:46:24 UTC] PHP Warning:  Undefined array key "description" in /home/kevin/Downloads/q/api/index.php on line 343
[24-May-2026 07:46:24 UTC] PHP Warning:  Undefined array key "quantity" in /home/kevin/Downloads/q/api/index.php on line 345
[24-May-2026 07:46:24 UTC] PHP Warning:  Undefined array key "unit" in /home/kevin/Downloads/q/api/index.php on line 346
[24-May-2026 07:46:24 UTC] PHP Warning:  Undefined array key "unit_price" in /home/kevin/Downloads/q/api/index.php on line 347
[24-May-2026 07:46:24 UTC] PHP Warning:  Undefined array key "margin" in /home/kevin/Downloads/q/api/index.php on line 348
[24-May-2026 07:46:24 UTC] PHP Warning:  error_log(/home/kevin/Downloads/q/classes/logs/error.log): Failed to open stream: No such file or directory in /home/kevin/Downloads/q/classes/Database.php on line 282
[24-May-2026 07:46:24 UTC] PHP Warning:  Undefined array key "description" in /home/kevin/Downloads/q/api/index.php on line 343
[24-May-2026 07:46:24 UTC] PHP Warning:  Undefined array key "quantity" in /home/kevin/Downloads/q/api/index.php on line 345
[24-May-2026 07:46:24 UTC] PHP Warning:  Undefined array key "unit" in /home/kevin/Downloads/q/api/index.php on line 346
[24-May-2026 07:46:24 UTC] PHP Warning:  Undefined array key "margin" in /home/kevin/Downloads/q/api/index.php on line 348
[24-May-2026 07:46:24 UTC] PHP Warning:  error_log(/home/kevin/Downloads/q/classes/logs/error.log): Failed to open stream: No such file or directory in /home/kevin/Downloads/q/classes/Database.php on line 282
[25-May-2026 08:18:52 UTC] PHP Warning:  Undefined array key "vat" in /home/kevin/Downloads/q/api/index.php on line 147
[25-May-2026 08:18:52 UTC] PHP Warning:  Undefined array key "bank_details" in /home/kevin/Downloads/q/api/index.php on line 151
